<?xml version="1.0" encoding="UTF-8"?>
<!-- Generated by org.testng.reporters.JUnitXMLReporter -->
<testsuite ignored="5" hostname="DESKTOP-6V7A636" failures="0" tests="5" name="Login and logout" time="24.179" errors="0" timestamp="2022-11-04T18:42:11 CAST">
  <testcase classname="Bank.TestCases.Logout" name="logOutTest" time="4.058"/>
  <testcase classname="Bank.TestCases.TC_0001_Login" name="loginTest" time="3.476"/>
  <testcase classname="Bank.TestCases.TC_0003_LoginReset" name="resetButtonTest" time="2.861"/>
  <testcase classname="Bank.TestCases.TC_0004_Login_invalidPassword" name="invalidPasswordTest" time="3.645"/>
  <testcase classname="Bank.TestCases.TC_0005_LoginTextCheck" name="checkTextTest" time="3.049"/>
  <testcase classname="Bank.TestCases.TC_0002_ManagerHomePage" name="managerHomePageSliderTest" time="0.0">
    <ignored/>
  </testcase> <!-- managerHomePageSliderTest -->
  <testcase classname="Bank.TestCases.TC_0006_ManagerNavBar" name="newCustomerLinkIsVisibleTest" time="0.0">
    <ignored/>
  </testcase> <!-- newCustomerLinkIsVisibleTest -->
  <testcase classname="Bank.TestCases.TC_0006_ManagerNavBar" name="editCustomerLinkVisibleTest" time="0.0">
    <ignored/>
  </testcase> <!-- editCustomerLinkVisibleTest -->
  <testcase classname="Bank.TestCases.TC_0006_ManagerNavBar" name="deleteCustomerLinkVisibleTest" time="0.0">
    <ignored/>
  </testcase> <!-- deleteCustomerLinkVisibleTest -->
  <testcase classname="Bank.TestCases.TC_0006_ManagerNavBar" name="newAccountLinkTest" time="0.0">
    <ignored/>
  </testcase> <!-- newAccountLinkTest -->
</testsuite> <!-- Login and logout -->
