<?xml version="1.0" encoding="UTF-8"?>
<testng-results ignored="5" total="10" passed="5" failed="0" skipped="0">
  <reporter-output>
  </reporter-output>
  <suite started-at="2022-11-04T18:41:47 CAST" name="Login tests" finished-at="2022-11-04T18:42:11 CAST" duration-ms="24179">
    <groups>
      <group name="Login/logout">
        <method signature="Logout.logOutTest()[pri:0, instance:Bank.TestCases.Logout@7b205dbd]" name="logOutTest" class="Bank.TestCases.Logout"/>
        <method signature="TC_0001_Login.loginTest()[pri:0, instance:Bank.TestCases.TC_0001_Login@d41f816]" name="loginTest" class="Bank.TestCases.TC_0001_Login"/>
        <method signature="TC_0003_LoginReset.resetButtonTest()[pri:0, instance:Bank.TestCases.TC_0003_LoginReset@60129b9a]" name="resetButtonTest" class="Bank.TestCases.TC_0003_LoginReset"/>
        <method signature="TC_0004_Login_invalidPassword.invalidPasswordTest()[pri:0, instance:Bank.TestCases.TC_0004_Login_invalidPassword@78d6692f]" name="invalidPasswordTest" class="Bank.TestCases.TC_0004_Login_invalidPassword"/>
        <method signature="TC_0005_LoginTextCheck.checkTextTest()[pri:0, instance:Bank.TestCases.TC_0005_LoginTextCheck@7a55af6b]" name="checkTextTest" class="Bank.TestCases.TC_0005_LoginTextCheck"/>
      </group> <!-- Login/logout -->
    </groups>
    <test started-at="2022-11-04T18:41:47 CAST" name="Login and logout" finished-at="2022-11-04T18:42:11 CAST" duration-ms="24179">
      <class name="Bank.TestCases.TC_0003_LoginReset">
        <test-method is-config="true" signature="setUp()[pri:0, instance:Bank.TestCases.TC_0003_LoginReset@60129b9a]" started-at="2022-11-04T18:41:59 CAST" name="setUp" finished-at="2022-11-04T18:41:59 CAST" duration-ms="895" status="PASS">
          <reporter-output>
          </reporter-output>
        </test-method> <!-- setUp -->
        <test-method signature="resetButtonTest()[pri:0, instance:Bank.TestCases.TC_0003_LoginReset@60129b9a]" started-at="2022-11-04T18:41:59 CAST" name="resetButtonTest" finished-at="2022-11-04T18:42:02 CAST" duration-ms="2861" status="PASS">
          <reporter-output>
          </reporter-output>
        </test-method> <!-- resetButtonTest -->
        <test-method is-config="true" signature="tearDown()[pri:0, instance:Bank.TestCases.TC_0003_LoginReset@60129b9a]" started-at="2022-11-04T18:42:02 CAST" name="tearDown" finished-at="2022-11-04T18:42:02 CAST" duration-ms="185" status="PASS">
          <reporter-output>
          </reporter-output>
        </test-method> <!-- tearDown -->
      </class> <!-- Bank.TestCases.TC_0003_LoginReset -->
      <class name="Bank.TestCases.Logout">
        <test-method is-config="true" signature="setUp()[pri:0, instance:Bank.TestCases.Logout@7b205dbd]" started-at="2022-11-04T18:41:47 CAST" name="setUp" finished-at="2022-11-04T18:41:50 CAST" duration-ms="2342" status="PASS">
          <reporter-output>
          </reporter-output>
        </test-method> <!-- setUp -->
        <test-method signature="logOutTest()[pri:0, instance:Bank.TestCases.Logout@7b205dbd]" started-at="2022-11-04T18:41:50 CAST" name="logOutTest" finished-at="2022-11-04T18:41:54 CAST" duration-ms="4058" status="PASS">
          <reporter-output>
          </reporter-output>
        </test-method> <!-- logOutTest -->
        <test-method is-config="true" signature="tearDown()[pri:0, instance:Bank.TestCases.Logout@7b205dbd]" started-at="2022-11-04T18:41:54 CAST" name="tearDown" finished-at="2022-11-04T18:41:54 CAST" duration-ms="290" status="PASS">
          <reporter-output>
          </reporter-output>
        </test-method> <!-- tearDown -->
      </class> <!-- Bank.TestCases.Logout -->
      <class name="Bank.TestCases.TC_0001_Login">
        <test-method is-config="true" signature="setUp()[pri:0, instance:Bank.TestCases.TC_0001_Login@d41f816]" started-at="2022-11-04T18:41:54 CAST" name="setUp" finished-at="2022-11-04T18:41:55 CAST" duration-ms="911" status="PASS">
          <reporter-output>
          </reporter-output>
        </test-method> <!-- setUp -->
        <test-method signature="loginTest()[pri:0, instance:Bank.TestCases.TC_0001_Login@d41f816]" started-at="2022-11-04T18:41:55 CAST" name="loginTest" finished-at="2022-11-04T18:41:58 CAST" duration-ms="3476" status="PASS">
          <reporter-output>
          </reporter-output>
        </test-method> <!-- loginTest -->
        <test-method is-config="true" signature="tearDown()[pri:0, instance:Bank.TestCases.TC_0001_Login@d41f816]" started-at="2022-11-04T18:41:58 CAST" name="tearDown" finished-at="2022-11-04T18:41:59 CAST" duration-ms="233" status="PASS">
          <reporter-output>
          </reporter-output>
        </test-method> <!-- tearDown -->
      </class> <!-- Bank.TestCases.TC_0001_Login -->
      <class name="Bank.TestCases.TC_0005_LoginTextCheck">
        <test-method is-config="true" signature="setUp()[pri:0, instance:Bank.TestCases.TC_0005_LoginTextCheck@7a55af6b]" started-at="2022-11-04T18:42:07 CAST" name="setUp" finished-at="2022-11-04T18:42:08 CAST" duration-ms="919" status="PASS">
          <reporter-output>
          </reporter-output>
        </test-method> <!-- setUp -->
        <test-method signature="checkTextTest()[pri:0, instance:Bank.TestCases.TC_0005_LoginTextCheck@7a55af6b]" started-at="2022-11-04T18:42:08 CAST" name="checkTextTest" finished-at="2022-11-04T18:42:11 CAST" duration-ms="3049" status="PASS">
          <reporter-output>
          </reporter-output>
        </test-method> <!-- checkTextTest -->
        <test-method is-config="true" signature="tearDown()[pri:0, instance:Bank.TestCases.TC_0005_LoginTextCheck@7a55af6b]" started-at="2022-11-04T18:42:11 CAST" name="tearDown" finished-at="2022-11-04T18:42:11 CAST" duration-ms="185" status="PASS">
          <reporter-output>
          </reporter-output>
        </test-method> <!-- tearDown -->
      </class> <!-- Bank.TestCases.TC_0005_LoginTextCheck -->
      <class name="Bank.TestCases.TC_0004_Login_invalidPassword">
        <test-method is-config="true" signature="setUp()[pri:0, instance:Bank.TestCases.TC_0004_Login_invalidPassword@78d6692f]" started-at="2022-11-04T18:42:02 CAST" name="setUp" finished-at="2022-11-04T18:42:03 CAST" duration-ms="841" status="PASS">
          <reporter-output>
          </reporter-output>
        </test-method> <!-- setUp -->
        <test-method signature="invalidPasswordTest()[pri:0, instance:Bank.TestCases.TC_0004_Login_invalidPassword@78d6692f]" started-at="2022-11-04T18:42:03 CAST" name="invalidPasswordTest" finished-at="2022-11-04T18:42:07 CAST" duration-ms="3645" status="PASS">
          <reporter-output>
          </reporter-output>
        </test-method> <!-- invalidPasswordTest -->
        <test-method is-config="true" signature="tearDown()[pri:0, instance:Bank.TestCases.TC_0004_Login_invalidPassword@78d6692f]" started-at="2022-11-04T18:42:07 CAST" name="tearDown" finished-at="2022-11-04T18:42:07 CAST" duration-ms="233" status="PASS">
          <reporter-output>
          </reporter-output>
        </test-method> <!-- tearDown -->
      </class> <!-- Bank.TestCases.TC_0004_Login_invalidPassword -->
    </test> <!-- Login and logout -->
  </suite> <!-- Login tests -->
</testng-results>
